<?xml version="1.0" encoding="UTF-8"?>
<!-- Generated by org.testng.reporters.JUnitXMLReporter -->
<testsuite hostname="DESKTOP-CN3CBMR" ignored="0" name="Advshop" tests="3" failures="0" timestamp="01 Dec 2020 02:59:37 GMT" time="80.255" errors="0">
  <testcase name="atablet" time="19.845" classname="pack1.Popularitemstest"/>
  <testcase name="laptop" time="12.28" classname="pack1.Popularitemstest"/>
  <testcase name="spkr" time="12.337" classname="pack1.Popularitemstest"/>
</testsuite> <!-- Advshop -->
