<?xml version="1.0" encoding="UTF-8"?>
<testng-results skipped="0" failed="0" ignored="0" total="3" passed="3">
  <reporter-output>
  </reporter-output>
  <suite name="Suite1" duration-ms="80255" started-at="2020-12-01T02:58:17Z" finished-at="2020-12-01T02:59:37Z">
    <groups>
    </groups>
    <test name="Advshop" duration-ms="80255" started-at="2020-12-01T02:58:17Z" finished-at="2020-12-01T02:59:37Z">
      <class name="pack1.Popularitemstest">
        <test-method status="PASS" signature="config()[pri:0, instance:pack1.Popularitemstest@6fadae5d]" name="config" is-config="true" duration-ms="556" started-at="2020-12-01T02:58:17Z" finished-at="2020-12-01T02:58:17Z">
          <reporter-output>
          </reporter-output>
        </test-method> <!-- config -->
        <test-method status="PASS" signature="openbrowser()[pri:0, instance:pack1.Popularitemstest@6fadae5d]" name="openbrowser" is-config="true" duration-ms="11721" started-at="2020-12-01T02:58:17Z" finished-at="2020-12-01T02:58:29Z">
          <reporter-output>
          </reporter-output>
        </test-method> <!-- openbrowser -->
        <test-method status="PASS" signature="atablet()[pri:0, instance:pack1.Popularitemstest@6fadae5d]" name="atablet" duration-ms="19845" started-at="2020-12-01T02:58:29Z" finished-at="2020-12-01T02:58:49Z">
          <reporter-output>
          </reporter-output>
        </test-method> <!-- atablet -->
        <test-method status="PASS" signature="closebrowser()[pri:0, instance:pack1.Popularitemstest@6fadae5d]" name="closebrowser" is-config="true" duration-ms="2084" started-at="2020-12-01T02:58:49Z" finished-at="2020-12-01T02:58:51Z">
          <reporter-output>
          </reporter-output>
        </test-method> <!-- closebrowser -->
        <test-method status="PASS" signature="openbrowser()[pri:0, instance:pack1.Popularitemstest@6fadae5d]" name="openbrowser" is-config="true" duration-ms="9059" started-at="2020-12-01T02:58:51Z" finished-at="2020-12-01T02:59:00Z">
          <reporter-output>
          </reporter-output>
        </test-method> <!-- openbrowser -->
        <test-method status="PASS" signature="laptop()[pri:0, instance:pack1.Popularitemstest@6fadae5d]" name="laptop" duration-ms="12280" started-at="2020-12-01T02:59:00Z" finished-at="2020-12-01T02:59:12Z">
          <reporter-output>
          </reporter-output>
        </test-method> <!-- laptop -->
        <test-method status="PASS" signature="closebrowser()[pri:0, instance:pack1.Popularitemstest@6fadae5d]" name="closebrowser" is-config="true" duration-ms="1653" started-at="2020-12-01T02:59:12Z" finished-at="2020-12-01T02:59:14Z">
          <reporter-output>
          </reporter-output>
        </test-method> <!-- closebrowser -->
        <test-method status="PASS" signature="openbrowser()[pri:0, instance:pack1.Popularitemstest@6fadae5d]" name="openbrowser" is-config="true" duration-ms="9062" started-at="2020-12-01T02:59:14Z" finished-at="2020-12-01T02:59:23Z">
          <reporter-output>
          </reporter-output>
        </test-method> <!-- openbrowser -->
        <test-method status="PASS" signature="spkr()[pri:0, instance:pack1.Popularitemstest@6fadae5d]" name="spkr" duration-ms="12337" started-at="2020-12-01T02:59:23Z" finished-at="2020-12-01T02:59:35Z">
          <reporter-output>
          </reporter-output>
        </test-method> <!-- spkr -->
        <test-method status="PASS" signature="closebrowser()[pri:0, instance:pack1.Popularitemstest@6fadae5d]" name="closebrowser" is-config="true" duration-ms="1629" started-at="2020-12-01T02:59:35Z" finished-at="2020-12-01T02:59:37Z">
          <reporter-output>
          </reporter-output>
        </test-method> <!-- closebrowser -->
      </class> <!-- pack1.Popularitemstest -->
    </test> <!-- Advshop -->
  </suite> <!-- Suite1 -->
</testng-results>
