<?xml version="1.0" encoding="UTF-8"?>
<testng-results skipped="0" failed="0" ignored="0" total="1" passed="1">
  <reporter-output>
  </reporter-output>
  <suite name="Default suite" duration-ms="20839" started-at="2020-11-23T03:14:57Z" finished-at="2020-11-23T03:15:18Z">
    <groups>
    </groups>
    <test name="Default test" duration-ms="20839" started-at="2020-11-23T03:14:57Z" finished-at="2020-11-23T03:15:18Z">
      <class name="pack1.Popularitemssize">
        <test-method status="PASS" signature="itemscount()[pri:0, instance:pack1.Popularitemssize@29774679]" name="itemscount" duration-ms="20760" started-at="2020-11-23T03:14:57Z" finished-at="2020-11-23T03:15:18Z">
          <reporter-output>
          </reporter-output>
        </test-method> <!-- itemscount -->
      </class> <!-- pack1.Popularitemssize -->
    </test> <!-- Default test -->
  </suite> <!-- Default suite -->
</testng-results>
